<?xml version="1.0" encoding="UTF-8"?>
<testsuite name="com.devtest.devtest.DevTestApplicationTests" tests="1" skipped="0" failures="0" errors="0" timestamp="2022-12-22T04:36:50" hostname="DESKTOP-Q97DTU3" time="0.628">
  <properties/>
  <testcase name="contextLoads()" classname="com.devtest.devtest.DevTestApplicationTests" time="0.628"/>
  <system-out><![CDATA[13:36:46.746 [Test worker] DEBUG org.springframework.test.context.BootstrapUtils - Instantiating CacheAwareContextLoaderDelegate from class [org.springframework.test.context.cache.DefaultCacheAwareContextLoaderDelegate]
13:36:46.763 [Test worker] DEBUG org.springframework.test.context.BootstrapUtils - Instantiating BootstrapContext using constructor [public org.springframework.test.context.support.DefaultBootstrapContext(java.lang.Class,org.springframework.test.context.CacheAwareContextLoaderDelegate)]
13:36:46.804 [Test worker] DEBUG org.springframework.test.context.BootstrapUtils - Instantiating TestContextBootstrapper for test class [com.devtest.devtest.DevTestApplicationTests] from class [org.springframework.boot.test.context.SpringBootTestContextBootstrapper]
13:36:46.819 [Test worker] INFO org.springframework.boot.test.context.SpringBootTestContextBootstrapper - Neither @ContextConfiguration nor @ContextHierarchy found for test class [com.devtest.devtest.DevTestApplicationTests], using SpringBootContextLoader
13:36:46.825 [Test worker] DEBUG org.springframework.test.context.support.AbstractContextLoader - Did not detect default resource location for test class [com.devtest.devtest.DevTestApplicationTests]: class path resource [com/devtest/devtest/DevTestApplicationTests-context.xml] does not exist
13:36:46.826 [Test worker] DEBUG org.springframework.test.context.support.AbstractContextLoader - Did not detect default resource location for test class [com.devtest.devtest.DevTestApplicationTests]: class path resource [com/devtest/devtest/DevTestApplicationTestsContext.groovy] does not exist
13:36:46.826 [Test worker] INFO org.springframework.test.context.support.AbstractContextLoader - Could not detect default resource locations for test class [com.devtest.devtest.DevTestApplicationTests]: no resource found for suffixes {-context.xml, Context.groovy}.
13:36:46.827 [Test worker] INFO org.springframework.test.context.support.AnnotationConfigContextLoaderUtils - Could not detect default configuration classes for test class [com.devtest.devtest.DevTestApplicationTests]: DevTestApplicationTests does not declare any static, non-private, non-final, nested classes annotated with @Configuration.
13:36:46.886 [Test worker] DEBUG org.springframework.test.context.support.ActiveProfilesUtils - Could not find an 'annotation declaring class' for annotation type [org.springframework.test.context.ActiveProfiles] and class [com.devtest.devtest.DevTestApplicationTests]
13:36:46.963 [Test worker] DEBUG org.springframework.context.annotation.ClassPathScanningCandidateComponentProvider - Identified candidate component class: file [C:\Users\for\Desktop\minwoofile\JOB_HUNGTING\jobhunting\jobhunt\jobhunt\devTest\build\classes\java\main\com\devtest\devtest\DevTestApplication.class]
13:36:46.964 [Test worker] INFO org.springframework.boot.test.context.SpringBootTestContextBootstrapper - Found @SpringBootConfiguration com.devtest.devtest.DevTestApplication for test class com.devtest.devtest.DevTestApplicationTests
13:36:47.108 [Test worker] DEBUG org.springframework.boot.test.context.SpringBootTestContextBootstrapper - @TestExecutionListeners is not present for class [com.devtest.devtest.DevTestApplicationTests]: using defaults.
13:36:47.109 [Test worker] INFO org.springframework.boot.test.context.SpringBootTestContextBootstrapper - Loaded default TestExecutionListener class names from location [META-INF/spring.factories]: [org.springframework.boot.test.autoconfigure.restdocs.RestDocsTestExecutionListener, org.springframework.boot.test.autoconfigure.web.client.MockRestServiceServerResetTestExecutionListener, org.springframework.boot.test.autoconfigure.web.servlet.MockMvcPrintOnlyOnFailureTestExecutionListener, org.springframework.boot.test.autoconfigure.web.servlet.WebDriverTestExecutionListener, org.springframework.boot.test.autoconfigure.webservices.client.MockWebServiceServerTestExecutionListener, org.springframework.boot.test.mock.mockito.MockitoTestExecutionListener, org.springframework.boot.test.mock.mockito.ResetMocksTestExecutionListener, org.springframework.test.context.web.ServletTestExecutionListener, org.springframework.test.context.support.DirtiesContextBeforeModesTestExecutionListener, org.springframework.test.context.event.ApplicationEventsTestExecutionListener, org.springframework.test.context.support.DependencyInjectionTestExecutionListener, org.springframework.test.context.support.DirtiesContextTestExecutionListener, org.springframework.test.context.transaction.TransactionalTestExecutionListener, org.springframework.test.context.jdbc.SqlScriptsTestExecutionListener, org.springframework.test.context.event.EventPublishingTestExecutionListener]
13:36:47.145 [Test worker] INFO org.springframework.boot.test.context.SpringBootTestContextBootstrapper - Using TestExecutionListeners: [org.springframework.test.context.web.ServletTestExecutionListener@1c807b1d, org.springframework.test.context.support.DirtiesContextBeforeModesTestExecutionListener@238b521e, org.springframework.test.context.event.ApplicationEventsTestExecutionListener@1b39fd82, org.springframework.boot.test.mock.mockito.MockitoTestExecutionListener@3e2fc448, org.springframework.boot.test.autoconfigure.SpringBootDependencyInjectionTestExecutionListener@21680803, org.springframework.test.context.support.DirtiesContextTestExecutionListener@588ab592, org.springframework.test.context.transaction.TransactionalTestExecutionListener@c8b96ec, org.springframework.test.context.jdbc.SqlScriptsTestExecutionListener@4cc61eb1, org.springframework.test.context.event.EventPublishingTestExecutionListener@2d8f2f3a, org.springframework.boot.test.autoconfigure.restdocs.RestDocsTestExecutionListener@2024293c, org.springframework.boot.test.autoconfigure.web.client.MockRestServiceServerResetTestExecutionListener@7048f722, org.springframework.boot.test.autoconfigure.web.servlet.MockMvcPrintOnlyOnFailureTestExecutionListener@c074c0c, org.springframework.boot.test.autoconfigure.web.servlet.WebDriverTestExecutionListener@58a55449, org.springframework.boot.test.autoconfigure.webservices.client.MockWebServiceServerTestExecutionListener@5949eba8, org.springframework.boot.test.mock.mockito.ResetMocksTestExecutionListener@6e0ff644]
13:36:47.151 [Test worker] DEBUG org.springframework.test.context.support.AbstractDirtiesContextTestExecutionListener - Before test class: context [DefaultTestContext@58783f6c testClass = DevTestApplicationTests, testInstance = [null], testMethod = [null], testException = [null], mergedContextConfiguration = [WebMergedContextConfiguration@3a7b503d testClass = DevTestApplicationTests, locations = '{}', classes = '{class com.devtest.devtest.DevTestApplication}', contextInitializerClasses = '[]', activeProfiles = '{}', propertySourceLocations = '{}', propertySourceProperties = '{org.springframework.boot.test.context.SpringBootTestContextBootstrapper=true}', contextCustomizers = set[org.springframework.boot.test.autoconfigure.actuate.metrics.MetricsExportContextCustomizerFactory$DisableMetricExportContextCustomizer@607fbe09, org.springframework.boot.test.autoconfigure.properties.PropertyMappingContextCustomizer@0, org.springframework.boot.test.autoconfigure.web.servlet.WebDriverContextCustomizerFactory$Customizer@53d1b9b3, org.springframework.boot.test.context.filter.ExcludeFilterContextCustomizer@7e928e2f, org.springframework.boot.test.json.DuplicateJsonObjectContextCustomizerFactory$DuplicateJsonObjectContextCustomizer@1698ee84, org.springframework.boot.test.mock.mockito.MockitoContextCustomizer@0, org.springframework.boot.test.web.client.TestRestTemplateContextCustomizer@5af3a0f, org.springframework.boot.test.context.SpringBootTestArgs@1, org.springframework.boot.test.context.SpringBootTestWebEnvironment@471a9022], resourceBasePath = 'src/main/webapp', contextLoader = 'org.springframework.boot.test.context.SpringBootContextLoader', parent = [null]], attributes = map['org.springframework.test.context.web.ServletTestExecutionListener.activateListener' -> true]], class annotated with @DirtiesContext [false] with mode [null].

  .   ____          _            __ _ _
 /\\ / ___'_ __ _ _(_)_ __  __ _ \ \ \ \
( ( )\___ | '_ | '_| | '_ \/ _` | \ \ \ \
 \\/  ___)| |_)| | | | | || (_| |  ) ) ) )
  '  |____| .__|_| |_|_| |_\__, | / / / /
 =========|_|==============|___/=/_/_/_/
 :: Spring Boot ::                (v2.7.6)

2022-12-22 13:36:47.630  WARN 10056 --- [    Test worker] ory$DuplicateJsonObjectContextCustomizer : 

Found multiple occurrences of org.json.JSONObject on the class path:

	jar:file:/C:/Users/for/.gradle/caches/modules-2/files-2.1/org.json/json/20190722/7bce7bacf0ab5e9f894d307a3de8b7f540064d5/json-20190722.jar!/org/json/JSONObject.class
	jar:file:/C:/Users/for/.gradle/caches/modules-2/files-2.1/com.vaadin.external.google/android-json/0.0.20131108.vaadin1/fa26d351fe62a6a17f5cda1287c1c6110dec413f/android-json-0.0.20131108.vaadin1.jar!/org/json/JSONObject.class

You may wish to exclude one of them to ensure predictable runtime behavior

2022-12-22 13:36:47.654  INFO 10056 --- [    Test worker] c.d.devtest.DevTestApplicationTests      : Starting DevTestApplicationTests using Java 11.0.9 on DESKTOP-Q97DTU3 with PID 10056 (started by for in C:\Users\for\Desktop\minwoofile\JOB_HUNGTING\jobhunting\jobhunt\jobhunt\devTest)
2022-12-22 13:36:47.655  INFO 10056 --- [    Test worker] c.d.devtest.DevTestApplicationTests      : No active profile set, falling back to 1 default profile: "default"
2022-12-22 13:36:48.896  INFO 10056 --- [    Test worker] trationDelegate$BeanPostProcessorChecker : Bean 'org.springframework.ws.config.annotation.DelegatingWsConfiguration' of type [org.springframework.ws.config.annotation.DelegatingWsConfiguration$$EnhancerBySpringCGLIB$$fdf62e93] is not eligible for getting processed by all BeanPostProcessors (for example: not eligible for auto-proxying)
2022-12-22 13:36:49.000  INFO 10056 --- [    Test worker] .w.s.a.s.AnnotationActionEndpointMapping : Supporting [WS-Addressing August 2004, WS-Addressing 1.0]
2022-12-22 13:36:50.278  INFO 10056 --- [    Test worker] o.s.b.a.w.s.WelcomePageHandlerMapping    : Adding welcome page: class path resource [static/index.html]
2022-12-22 13:36:50.928  INFO 10056 --- [    Test worker] c.d.devtest.DevTestApplicationTests      : Started DevTestApplicationTests in 3.724 seconds (JVM running for 6.175)
]]></system-out>
  <system-err><![CDATA[]]></system-err>
</testsuite>
