<?xml version="1.0" encoding="UTF-8"?>
<testsuite name="com.devtest.devtest.DevTestApplicationTests" tests="1" skipped="0" failures="0" errors="0" timestamp="2022-11-27T07:44:45" hostname="DESKTOP-G5B1FC7" time="0.387">
  <properties/>
  <testcase name="contextLoads()" classname="com.devtest.devtest.DevTestApplicationTests" time="0.387"/>
  <system-out><![CDATA[16:44:42.964 [Test worker] DEBUG org.springframework.test.context.BootstrapUtils - Instantiating CacheAwareContextLoaderDelegate from class [org.springframework.test.context.cache.DefaultCacheAwareContextLoaderDelegate]
16:44:42.975 [Test worker] DEBUG org.springframework.test.context.BootstrapUtils - Instantiating BootstrapContext using constructor [public org.springframework.test.context.support.DefaultBootstrapContext(java.lang.Class,org.springframework.test.context.CacheAwareContextLoaderDelegate)]
16:44:43.006 [Test worker] DEBUG org.springframework.test.context.BootstrapUtils - Instantiating TestContextBootstrapper for test class [com.devtest.devtest.DevTestApplicationTests] from class [org.springframework.boot.test.context.SpringBootTestContextBootstrapper]
16:44:43.015 [Test worker] INFO org.springframework.boot.test.context.SpringBootTestContextBootstrapper - Neither @ContextConfiguration nor @ContextHierarchy found for test class [com.devtest.devtest.DevTestApplicationTests], using SpringBootContextLoader
16:44:43.020 [Test worker] DEBUG org.springframework.test.context.support.AbstractContextLoader - Did not detect default resource location for test class [com.devtest.devtest.DevTestApplicationTests]: class path resource [com/devtest/devtest/DevTestApplicationTests-context.xml] does not exist
16:44:43.020 [Test worker] DEBUG org.springframework.test.context.support.AbstractContextLoader - Did not detect default resource location for test class [com.devtest.devtest.DevTestApplicationTests]: class path resource [com/devtest/devtest/DevTestApplicationTestsContext.groovy] does not exist
16:44:43.021 [Test worker] INFO org.springframework.test.context.support.AbstractContextLoader - Could not detect default resource locations for test class [com.devtest.devtest.DevTestApplicationTests]: no resource found for suffixes {-context.xml, Context.groovy}.
16:44:43.021 [Test worker] INFO org.springframework.test.context.support.AnnotationConfigContextLoaderUtils - Could not detect default configuration classes for test class [com.devtest.devtest.DevTestApplicationTests]: DevTestApplicationTests does not declare any static, non-private, non-final, nested classes annotated with @Configuration.
16:44:43.067 [Test worker] DEBUG org.springframework.test.context.support.ActiveProfilesUtils - Could not find an 'annotation declaring class' for annotation type [org.springframework.test.context.ActiveProfiles] and class [com.devtest.devtest.DevTestApplicationTests]
16:44:43.124 [Test worker] DEBUG org.springframework.context.annotation.ClassPathScanningCandidateComponentProvider - Identified candidate component class: file [D:\School\capston\devTest\build\classes\java\main\com\devtest\devtest\DevTestApplication.class]
16:44:43.125 [Test worker] INFO org.springframework.boot.test.context.SpringBootTestContextBootstrapper - Found @SpringBootConfiguration com.devtest.devtest.DevTestApplication for test class com.devtest.devtest.DevTestApplicationTests
16:44:43.222 [Test worker] DEBUG org.springframework.boot.test.context.SpringBootTestContextBootstrapper - @TestExecutionListeners is not present for class [com.devtest.devtest.DevTestApplicationTests]: using defaults.
16:44:43.222 [Test worker] INFO org.springframework.boot.test.context.SpringBootTestContextBootstrapper - Loaded default TestExecutionListener class names from location [META-INF/spring.factories]: [org.springframework.boot.test.autoconfigure.restdocs.RestDocsTestExecutionListener, org.springframework.boot.test.autoconfigure.web.client.MockRestServiceServerResetTestExecutionListener, org.springframework.boot.test.autoconfigure.web.servlet.MockMvcPrintOnlyOnFailureTestExecutionListener, org.springframework.boot.test.autoconfigure.web.servlet.WebDriverTestExecutionListener, org.springframework.boot.test.autoconfigure.webservices.client.MockWebServiceServerTestExecutionListener, org.springframework.boot.test.mock.mockito.MockitoTestExecutionListener, org.springframework.boot.test.mock.mockito.ResetMocksTestExecutionListener, org.springframework.test.context.web.ServletTestExecutionListener, org.springframework.test.context.support.DirtiesContextBeforeModesTestExecutionListener, org.springframework.test.context.event.ApplicationEventsTestExecutionListener, org.springframework.test.context.support.DependencyInjectionTestExecutionListener, org.springframework.test.context.support.DirtiesContextTestExecutionListener, org.springframework.test.context.transaction.TransactionalTestExecutionListener, org.springframework.test.context.jdbc.SqlScriptsTestExecutionListener, org.springframework.test.context.event.EventPublishingTestExecutionListener]
16:44:43.244 [Test worker] INFO org.springframework.boot.test.context.SpringBootTestContextBootstrapper - Using TestExecutionListeners: [org.springframework.test.context.web.ServletTestExecutionListener@5851bd4f, org.springframework.test.context.support.DirtiesContextBeforeModesTestExecutionListener@7cd1ac19, org.springframework.test.context.event.ApplicationEventsTestExecutionListener@2f40a43, org.springframework.boot.test.mock.mockito.MockitoTestExecutionListener@3caa4757, org.springframework.boot.test.autoconfigure.SpringBootDependencyInjectionTestExecutionListener@69c43e48, org.springframework.test.context.support.DirtiesContextTestExecutionListener@1804f60d, org.springframework.test.context.transaction.TransactionalTestExecutionListener@3a80515c, org.springframework.test.context.jdbc.SqlScriptsTestExecutionListener@547e29a4, org.springframework.test.context.event.EventPublishingTestExecutionListener@1c807b1d, org.springframework.boot.test.autoconfigure.restdocs.RestDocsTestExecutionListener@238b521e, org.springframework.boot.test.autoconfigure.web.client.MockRestServiceServerResetTestExecutionListener@1b39fd82, org.springframework.boot.test.autoconfigure.web.servlet.MockMvcPrintOnlyOnFailureTestExecutionListener@3e2fc448, org.springframework.boot.test.autoconfigure.web.servlet.WebDriverTestExecutionListener@21680803, org.springframework.boot.test.autoconfigure.webservices.client.MockWebServiceServerTestExecutionListener@588ab592, org.springframework.boot.test.mock.mockito.ResetMocksTestExecutionListener@c8b96ec]
16:44:43.247 [Test worker] DEBUG org.springframework.test.context.support.AbstractDirtiesContextTestExecutionListener - Before test class: context [DefaultTestContext@3228d990 testClass = DevTestApplicationTests, testInstance = [null], testMethod = [null], testException = [null], mergedContextConfiguration = [WebMergedContextConfiguration@54e7391d testClass = DevTestApplicationTests, locations = '{}', classes = '{class com.devtest.devtest.DevTestApplication}', contextInitializerClasses = '[]', activeProfiles = '{}', propertySourceLocations = '{}', propertySourceProperties = '{org.springframework.boot.test.context.SpringBootTestContextBootstrapper=true}', contextCustomizers = set[org.springframework.boot.test.autoconfigure.actuate.metrics.MetricsExportContextCustomizerFactory$DisableMetricExportContextCustomizer@75f65e45, org.springframework.boot.test.autoconfigure.properties.PropertyMappingContextCustomizer@0, org.springframework.boot.test.autoconfigure.web.servlet.WebDriverContextCustomizerFactory$Customizer@788fcafb, org.springframework.boot.test.context.filter.ExcludeFilterContextCustomizer@2fc0cc3, org.springframework.boot.test.json.DuplicateJsonObjectContextCustomizerFactory$DuplicateJsonObjectContextCustomizer@75459c75, org.springframework.boot.test.mock.mockito.MockitoContextCustomizer@0, org.springframework.boot.test.web.client.TestRestTemplateContextCustomizer@5f031ebd, org.springframework.boot.test.context.SpringBootTestArgs@1, org.springframework.boot.test.context.SpringBootTestWebEnvironment@3cfdd820], resourceBasePath = 'src/main/webapp', contextLoader = 'org.springframework.boot.test.context.SpringBootContextLoader', parent = [null]], attributes = map['org.springframework.test.context.web.ServletTestExecutionListener.activateListener' -> true]], class annotated with @DirtiesContext [false] with mode [null].

  .   ____          _            __ _ _
 /\\ / ___'_ __ _ _(_)_ __  __ _ \ \ \ \
( ( )\___ | '_ | '_| | '_ \/ _` | \ \ \ \
 \\/  ___)| |_)| | | | | || (_| |  ) ) ) )
  '  |____| .__|_| |_|_| |_\__, | / / / /
 =========|_|==============|___/=/_/_/_/
 :: Spring Boot ::                (v2.7.6)

2022-11-27 16:44:43.580  INFO 23824 --- [    Test worker] c.d.devtest.DevTestApplicationTests      : Starting DevTestApplicationTests using Java 11.0.15.1 on DESKTOP-G5B1FC7 with PID 23824 (started by andy9 in D:\School\capston\devTest)
2022-11-27 16:44:43.582  INFO 23824 --- [    Test worker] c.d.devtest.DevTestApplicationTests      : No active profile set, falling back to 1 default profile: "default"
2022-11-27 16:44:44.387  WARN 23824 --- [    Test worker] o.m.s.mapper.ClassPathMapperScanner      : No MyBatis mapper was found in '[com.devtest.devtest]' package. Please check your configuration.
2022-11-27 16:44:44.568  INFO 23824 --- [    Test worker] trationDelegate$BeanPostProcessorChecker : Bean 'org.springframework.ws.config.annotation.DelegatingWsConfiguration' of type [org.springframework.ws.config.annotation.DelegatingWsConfiguration$$EnhancerBySpringCGLIB$$f93b5e22] is not eligible for getting processed by all BeanPostProcessors (for example: not eligible for auto-proxying)
2022-11-27 16:44:44.628  INFO 23824 --- [    Test worker] .w.s.a.s.AnnotationActionEndpointMapping : Supporting [WS-Addressing August 2004, WS-Addressing 1.0]
2022-11-27 16:44:45.834  INFO 23824 --- [    Test worker] c.d.devtest.DevTestApplicationTests      : Started DevTestApplicationTests in 2.548 seconds (JVM running for 4.446)
]]></system-out>
  <system-err><![CDATA[]]></system-err>
</testsuite>
